<?xml version="1.0" encoding="UTF-8"?>
<!-- Generated by org.testng.reporters.JUnitReportReporter -->
<testsuite hostname="Imran" failures="0" tests="2" name="testcases.HomeLoanTest" time="0.001" errors="0" timestamp="12 Oct 2023 15:12:55 GMT" skipped="1">
  <testcase classname="testcases.HomeLoanTest" name="test1" time="0.001"/>
  <testcase classname="testcases.HomeLoanTest" name="test2">
    <skipped/>
  </testcase> <!-- test2 -->
</testsuite> <!-- testcases.HomeLoanTest -->
