<?xml version="1.0" encoding="UTF-8"?>
<!-- Generated by org.testng.reporters.JUnitReportReporter -->
<testsuite hostname="Imran" failures="0" tests="2" name="testcases.CreditCardTest" time="0.001" errors="0" timestamp="12 Oct 2023 15:12:55 GMT" skipped="0">
  <testcase classname="testcases.CreditCardTest" name="test5" time="0.000"/>
  <testcase classname="testcases.CreditCardTest" name="test6" time="0.001"/>
</testsuite> <!-- testcases.CreditCardTest -->
