<?xml version="1.0" encoding="UTF-8"?>
<!-- Generated by org.testng.reporters.JUnitReportReporter -->
<testsuite hostname="Imran" failures="0" tests="2" name="testcases.CarLoanTest" time="0.006" errors="0" timestamp="12 Oct 2023 15:12:55 GMT" skipped="0">
  <testcase classname="testcases.CarLoanTest" name="test3" time="0.001"/>
  <testcase classname="testcases.CarLoanTest" name="test4" time="0.005"/>
</testsuite> <!-- testcases.CarLoanTest -->
